<?xml version="1.0" encoding="UTF-8"?>
<testng-results skipped="0" failed="0" ignored="0" total="2" passed="2">
  <reporter-output>
  </reporter-output>
  <suite name="Default suite" duration-ms="32869" started-at="2019-07-16T16:56:57Z" finished-at="2019-07-16T16:57:30Z">
    <groups>
    </groups>
    <test name="Default test" duration-ms="32869" started-at="2019-07-16T16:56:57Z" finished-at="2019-07-16T16:57:30Z">
      <class name="itexico.training.iOSNewSampleTest">
        <test-method status="PASS" signature="startAppiumSession()[pri:0, instance:itexico.training.iOSNewSampleTest@5ae63ade]" name="startAppiumSession" is-config="true" duration-ms="2340" started-at="2019-07-16T16:56:55Z" finished-at="2019-07-16T16:56:57Z">
          <reporter-output>
          </reporter-output>
        </test-method> <!-- startAppiumSession -->
        <test-method status="PASS" signature="setup()[pri:0, instance:itexico.training.iOSNewSampleTest@5ae63ade]" name="setup" is-config="true" duration-ms="24155" started-at="2019-07-16T16:56:57Z" finished-at="2019-07-16T16:57:22Z">
          <reporter-output>
          </reporter-output>
        </test-method> <!-- setup -->
        <test-method status="PASS" signature="iconDisplayedTest()[pri:0, instance:itexico.training.iOSNewSampleTest@5ae63ade]" name="iconDisplayedTest" duration-ms="1741" started-at="2019-07-16T16:57:22Z" finished-at="2019-07-16T16:57:23Z">
          <reporter-output>
          </reporter-output>
        </test-method> <!-- iconDisplayedTest -->
        <test-method status="PASS" signature="basicTesting()[pri:0, instance:itexico.training.iOSNewSampleTest@5ae63ade]" name="basicTesting" duration-ms="5809" started-at="2019-07-16T16:57:23Z" depends-on-methods="itexico.training.iOSNewSampleTest.iconDisplayedTest" finished-at="2019-07-16T16:57:29Z">
          <reporter-output>
          </reporter-output>
        </test-method> <!-- basicTesting -->
        <test-method status="PASS" signature="teardown()[pri:0, instance:itexico.training.iOSNewSampleTest@5ae63ade]" name="teardown" is-config="true" duration-ms="1137" started-at="2019-07-16T16:57:29Z" finished-at="2019-07-16T16:57:30Z">
          <reporter-output>
          </reporter-output>
        </test-method> <!-- teardown -->
        <test-method status="PASS" signature="stopAppiumSession()[pri:0, instance:itexico.training.iOSNewSampleTest@5ae63ade]" name="stopAppiumSession" is-config="true" duration-ms="119" started-at="2019-07-16T16:57:31Z" finished-at="2019-07-16T16:57:31Z">
          <reporter-output>
          </reporter-output>
        </test-method> <!-- stopAppiumSession -->
      </class> <!-- itexico.training.iOSNewSampleTest -->
    </test> <!-- Default test -->
  </suite> <!-- Default suite -->
</testng-results>
